<?xml version="1.0" encoding="UTF-8"?>
<!-- Generated by org.testng.reporters.JUnitReportReporter -->
<testsuite skipped="0" hostname="DESKTOP-EISIHP9" name="Academy.validateNavigationBar" tests="1" failures="0" timestamp="2020-11-27T23:55:27 IST" time="0.287" errors="0">
  <testcase name="basePageNavigation" time="0.287" classname="Academy.validateNavigationBar"/>
  <system-out/>
</testsuite> <!-- Academy.validateNavigationBar -->
