<?xml version="1.0" encoding="UTF-8"?>
<!-- Generated by org.testng.reporters.JUnitReportReporter -->
<testsuite skipped="0" hostname="DESKTOP-EISIHP9" name="Academy.HomePage" tests="2" failures="0" timestamp="2020-11-27T23:55:27 IST" time="33.667" errors="0">
  <testcase name="basePageNavigation" time="19.916" classname="Academy.HomePage"/>
  <system-out/>
  <testcase name="basePageNavigation" time="13.751" classname="Academy.HomePage"/>
  <system-out/>
</testsuite> <!-- Academy.HomePage -->
